06:03:47 24/03/2023 : {"action":"getRegistry"}
06:03:09 24/03/2023 : {"action":"getRegistry"}
06:03:15 24/03/2023 : {"action":"getRegistry"}
06:03:16 24/03/2023 : {"action":"getRegistry"}
06:03:23 24/03/2023 : {"action":"getRegistry"}
06:03:24 24/03/2023 : {"action":"getRegistry"}
06:03:24 24/03/2023 : {"action":"getRegistry"}
06:03:25 24/03/2023 : {"action":"getRegistry"}
06:03:25 24/03/2023 : {"action":"getRegistry"}
06:03:26 24/03/2023 : {"action":"getRegistry"}
06:03:15 24/03/2023 : {"action":"getRegistry"}
06:03:16 24/03/2023 : {"action":"getRegistry"}
06:03:17 24/03/2023 : {"action":"getRegistry"}
06:03:18 24/03/2023 : {"action":"getRegistry"}
06:03:18 24/03/2023 : {"action":"getRegistry"}
06:03:18 24/03/2023 : {"action":"getRegistry"}
06:03:18 24/03/2023 : {"action":"getRegistry"}
06:03:17 24/03/2023 : {"action":"getRegistry"}
06:03:18 24/03/2023 : {"action":"getRegistry"}
06:03:41 24/03/2023 : {"action":"getRegistry"}
06:03:42 24/03/2023 : {"action":"getRegistry"}
06:03:49 24/03/2023 : {"action":"getRegistry"}
06:03:06 24/03/2023 : {"action":"getRegistry"}
06:03:10 24/03/2023 : {"action":"getRegistry"}
06:03:13 24/03/2023 : {"action":"getRegistry"}
06:03:22 24/03/2023 : {"action":"getRegistry"}
06:03:22 24/03/2023 : {"action":"getRegistry"}
06:03:23 24/03/2023 : {"action":"getRegistry"}
06:03:36 24/03/2023 : {"action":"getRegistry"}
06:03:35 24/03/2023 : {"action":"getRegistry"}
06:03:38 24/03/2023 : {"action":"getRegistry"}
06:03:39 24/03/2023 : {"action":"getRegistry"}
06:03:45 24/03/2023 : {"action":"getRegistry"}
06:03:46 24/03/2023 : {"action":"getRegistry"}
06:03:47 24/03/2023 : {"doRegistry":{"error":["Th\u00f4ng tin \u0111\u0103ng nh\u1eadp kh\u00f4ng \u0111\u00fang"]},"action":"getRegistry"}
06:03:49 24/03/2023 : {"doRegistry":{"error":["Th\u00f4ng tin \u0111\u0103ng nh\u1eadp kh\u00f4ng \u0111\u00fang"]},"action":"getRegistry"}
06:03:33 24/03/2023 : {"doRegistry":{"error":["Th\u00f4ng tin \u0111\u0103ng nh\u1eadp kh\u00f4ng \u0111\u00fang"]},"action":"getRegistry"}
09:03:45 24/03/2023 : {"doRegistry":{"error":["Th\u00f4ng tin \u0111\u0103ng nh\u1eadp kh\u00f4ng \u0111\u00fang"]},"action":"getRegistry"}
09:03:55 24/03/2023 : {"doRegistry":{"error":["Th\u00f4ng tin \u0111\u0103ng nh\u1eadp kh\u00f4ng \u0111\u00fang"]},"action":"getRegistry","user":"dadas"}
09:03:24 24/03/2023 : {"doRegistry":{"error":["Th\u00f4ng tin \u0111\u0103ng nh\u1eadp kh\u00f4ng \u0111\u00fang"]},"action":"getRegistry","user":"dadas"}
09:03:42 24/03/2023 : {"doRegistry":{"error":["Th\u00f4ng tin \u0111\u0103ng nh\u1eadp kh\u00f4ng \u0111\u00fang"]},"action":"getRegistry","user":"dadas"}
09:03:55 24/03/2023 : {"doRegistry":{"error":["Th\u00f4ng tin \u0111\u0103ng nh\u1eadp kh\u00f4ng \u0111\u00fang"]},"action":"getRegistry","user":"dadas"}
09:03:57 24/03/2023 : {"doRegistry":{"error":["Th\u00f4ng tin \u0111\u0103ng nh\u1eadp kh\u00f4ng \u0111\u00fang"]},"action":"getRegistry","user":"dadas"}
09:03:58 24/03/2023 : {"doRegistry":{"error":["Th\u00f4ng tin \u0111\u0103ng nh\u1eadp kh\u00f4ng \u0111\u00fang"]},"action":"getRegistry","user":"dadas"}
09:03:58 24/03/2023 : {"doRegistry":{"error":["Th\u00f4ng tin \u0111\u0103ng nh\u1eadp kh\u00f4ng \u0111\u00fang"]},"action":"getRegistry","user":"dadas"}
09:03:58 24/03/2023 : {"doRegistry":{"error":["Th\u00f4ng tin \u0111\u0103ng nh\u1eadp kh\u00f4ng \u0111\u00fang"]},"action":"getRegistry","user":"dadas"}
09:03:47 24/03/2023 : {"doRegistry":{"error":["Th\u00f4ng tin \u0111\u0103ng nh\u1eadp kh\u00f4ng \u0111\u00fang"]},"action":"getRegistry","user":"dadas"}
09:03:51 24/03/2023 : {"doRegistry":{"error":["Th\u00f4ng tin \u0111\u0103ng nh\u1eadp kh\u00f4ng \u0111\u00fang"]},"action":"getRegistry","user":"dadas"}
09:03:52 24/03/2023 : {"doRegistry":{"error":["Th\u00f4ng tin \u0111\u0103ng nh\u1eadp kh\u00f4ng \u0111\u00fang"]},"action":"getRegistry","user":"dadas"}
08:03:12 25/03/2023 : []
08:03:17 25/03/2023 : []
08:03:19 25/03/2023 : {"_token":"Rc19HG9Kggs6PFYZQlV1wRZUlI1UyvqomEU36lO1","email":"admin@gmail.com","password":""}
08:03:19 25/03/2023 : []
08:03:38 25/03/2023 : {"_token":"Rc19HG9Kggs6PFYZQlV1wRZUlI1UyvqomEU36lO1","email":"admin@gmail.com","password":""}
08:03:38 25/03/2023 : []
08:03:38 25/03/2023 : {"_token":"Rc19HG9Kggs6PFYZQlV1wRZUlI1UyvqomEU36lO1","email":"admin@gmail.com","password":""}
08:03:06 25/03/2023 : {"_token":"Rc19HG9Kggs6PFYZQlV1wRZUlI1UyvqomEU36lO1","email":"admin@gmail.com","password":""}
08:03:36 25/03/2023 : {"_token":"Rc19HG9Kggs6PFYZQlV1wRZUlI1UyvqomEU36lO1","email":"admin@gmail.com","password":""}
08:03:11 25/03/2023 : {"_token":"Rc19HG9Kggs6PFYZQlV1wRZUlI1UyvqomEU36lO1","email":"admin@gmail.com","password":""}
09:03:07 25/03/2023 : admin@gmail.com
09:03:52 25/03/2023 : admin@gmail.com
09:03:00 25/03/2023 : admin@gmail.com
09:03:44 25/03/2023 : admin@gmail.com
09:03:53 25/03/2023 : admin@gmail.com
09:03:21 25/03/2023 : 
09:03:51 25/03/2023 : 
09:03:57 25/03/2023 : qdb611@gmail.com
